I type        TRUE

S type        TRUE

I type        TRUE

I type        TRUE

I type        TRUE

I type        TRUE

I type        TRUE

I type        TRUE

S type        TRUE

S type        TRUE

S type        TRUE

S type        TRUE

S type        TRUE

S type        TRUE

J type        TRUE

I type        TRUE

I type        TRUE

I type        TRUE

R type     TRUE

I type        TRUE

I type        TRUE

I type        TRUE

I type        TRUE

I type        TRUE

R type     TRUE

I type        TRUE

B type        TRUE

I type        TRUE

I type        TRUE

I type        TRUE

R type     TRUE

I type        TRUE

S type        TRUE

I type        TRUE

I type        TRUE

I type        TRUE

I type        TRUE

R type     TRUE

I type        TRUE

I type        TRUE

